TLC2 Version 2.20 of Day Month 20?? (rev: 5b8488d)
Warning: Please run the Java VM, which executes TLC with a throughput optimized garbage collector, by passing the "-XX:+UseParallelGC" property.
(Use the -nowarning option to disable this warning.)
Running breadth-first search Model-Checking with fp 109 and seed -2527849450505963047 with 4 workers on 4 cores with 1970MB heap and 64MB offheap memory [pid: 10] (Linux 6.6.87.2-microsoft-standard-WSL2 amd64, Eclipse Adoptium 17.0.16 x86_64, MSBDiskFPSet, DiskStateQueue).
Parsing file /app/specs/tla/Alpenglow.tla
Parsing file /tmp/tlc-8163994445975012663/Naturals.tla (jar:file:/app/tla2tools.jar!/tla2sany/StandardModules/Naturals.tla)
Parsing file /tmp/tlc-8163994445975012663/Sequences.tla (jar:file:/app/tla2tools.jar!/tla2sany/StandardModules/Sequences.tla)
Parsing file /tmp/tlc-8163994445975012663/FiniteSets.tla (jar:file:/app/tla2tools.jar!/tla2sany/StandardModules/FiniteSets.tla)
Parsing file /tmp/tlc-8163994445975012663/TLC.tla (jar:file:/app/tla2tools.jar!/tla2sany/StandardModules/TLC.tla)
Parsing file /tmp/tlc-8163994445975012663/_TLCTrace.tla (jar:file:/app/tla2tools.jar!/tla2sany/StandardModules/_TLCTrace.tla)
Parsing file /app/specs/tla/Votor.tla
Parsing file /app/specs/tla/Rotor.tla
Parsing file /tmp/tlc-8163994445975012663/TLCExt.tla (jar:file:/app/tla2tools.jar!/tla2sany/StandardModules/TLCExt.tla)
Parsing file /tmp/tlc-8163994445975012663/Integers.tla (jar:file:/app/tla2tools.jar!/tla2sany/StandardModules/Integers.tla)
Semantic processing of module Naturals
Semantic processing of module Sequences
Semantic processing of module FiniteSets
Semantic processing of module TLC
Semantic processing of module Integers
Semantic processing of module TLCExt
Semantic processing of module _TLCTrace
Semantic processing of module Votor
Semantic processing of module Rotor
Semantic processing of module Alpenglow
Linting of module TLCExt
Linting of module _TLCTrace
Linting of module Votor
Linting of module Rotor
Linting of module Alpenglow
Starting... (2025-09-20 05:18:46)
Computing initial states...
Finished computing initial states: 1 distinct state generated at 2025-09-20 05:18:47.
Model checking completed. No error has been found.
  Estimates of the probability that TLC did not check all reachable states
  because two distinct states had the same fingerprint:
  calculated (optimistic):  val = 2.3E-10
  based on the actual fingerprints:  val = 5.8E-11
183601 states generated, 27000 distinct states found, 0 states left on queue.
The depth of the complete state graph search is 25.
The average outdegree of the complete state graph is 1 (minimum is 0, the maximum 8 and the 95th percentile is 3).
Finished in 02s at (2025-09-20 05:18:48)
